<?xml version="1.0" encoding="UTF-8"?>
<testsuites name="web service test suite collection" time="32.909" tests="3" failures="0" errors="0">
   <testsuite name="web-service-tests - All Test Cases" tests="2" failures="0" errors="0" time="8.601" skipped="0" timestamp="2021-12-14 15:36:26" hostname="ly.doan - 192.168.1.2" id="Test Suites/Folder B/web-service-tests - All Test Cases">
      <properties>
         <property name="deviceName" value=""/>
         <property name="devicePlatform" value=""/>
         <property name="logFolder" value="/Users/ly.doan/web-service-test/Reports/20211214_153527/Folder B/web-service-tests - All Test Cases/20211214_153538"/>
         <property name="logFiles" value="/Users/ly.doan/web-service-test/Reports/20211214_153527/Folder B/web-service-tests - All Test Cases/20211214_153538/execution0.log"/>
         <property name="attachments" value=""/>
         <property name="hostName" value="ly.doan - 192.168.1.2"/>
         <property name="hostAddress" value="192.168.1.2"/>
         <property name="os" value="Mac OS X 64bit"/>
         <property name="katalonVersion" value="8.1.0.208"/>
      </properties>
      <testcase name="Test Cases/Create a new user" time="4.377" classname="Test Cases/Create a new user" status="PASSED">
         <system-out><![CDATA[2021-12-14 15:36:26 - [TEST_CASE][PASSED] - Test Cases/Create a new user: Test Cases/Create a new user

2021-12-14 15:36:27 - [TEST_STEP][PASSED] - sample.Common.createNewUser(age, username, password, gender, 200): sample.Common.createNewUser is PASSED

2021-12-14 15:36:30 - [MESSAGE][INFO] - HAR: /Users/ly.doan/web-service-test/Reports/20211214_153527/Folder B/web-service-tests - All Test Cases/20211214_153538/requests/main/0.har

2021-12-14 15:36:30 - [TEST_CASE][PASSED] - Start Test Case : Verification: Verification accomplished successfully

2021-12-14 15:36:30 - [TEST_STEP][PASSED] - request = getInstance().getCurrentRequest(): null

2021-12-14 15:36:30 - [TEST_STEP][PASSED] - response = getInstance().getCurrentResponse(): null

2021-12-14 15:36:30 - [TEST_STEP][PASSED] - assert response.getStatusCode() == 200: null

2021-12-14 15:36:30 - [TEST_STEP][PASSED] - verifyElementPropertyValue(response, "age", 25): Verify element property value successfully

2021-12-14 15:36:31 - [MESSAGE][PASSED] - Verify element property value successfully

2021-12-14 15:36:31 - [TEST_STEP][PASSED] - verifyElementPropertyValue(response, "username", "mimi"): Verify element property value successfully

2021-12-14 15:36:31 - [MESSAGE][PASSED] - Verify element property value successfully

2021-12-14 15:36:31 - [TEST_STEP][PASSED] - verifyElementPropertyValue(response, "password", "123456789"): Verify element property value successfully

2021-12-14 15:36:31 - [MESSAGE][PASSED] - Verify element property value successfully

2021-12-14 15:36:31 - [TEST_STEP][PASSED] - verifyElementPropertyValue(response, "gender", "MALE"): Verify element property value successfully

2021-12-14 15:36:31 - [MESSAGE][PASSED] - Verify element property value successfully

2021-12-14 15:36:31 - [MESSAGE][PASSED] - Verify response successfully

2021-12-14 15:36:31 - [MESSAGE][PASSED] - Send request and verify the response successfully

2021-12-14 15:36:31 - [MESSAGE][PASSED] - sample.Common.createNewUser is PASSED]]></system-out>
         <system-err><![CDATA[]]></system-err>
      </testcase>
      <testcase name="Test Cases/Find user by ID" time="3.384" classname="Test Cases/Find user by ID" status="PASSED">
         <system-out><![CDATA[2021-12-14 15:36:31 - [TEST_CASE][PASSED] - Test Cases/Find user by ID: Test Cases/Find user by ID

2021-12-14 15:36:31 - [TEST_STEP][PASSED] - id = sample.Common.createNewUser(age, username, password, gender, 200): sample.Common.createNewUser is PASSED

2021-12-14 15:36:32 - [MESSAGE][INFO] - HAR: /Users/ly.doan/web-service-test/Reports/20211214_153527/Folder B/web-service-tests - All Test Cases/20211214_153538/requests/main/1.har

2021-12-14 15:36:32 - [TEST_CASE][PASSED] - Start Test Case : Verification: Verification accomplished successfully

2021-12-14 15:36:33 - [TEST_STEP][PASSED] - request = getInstance().getCurrentRequest(): null

2021-12-14 15:36:33 - [TEST_STEP][PASSED] - response = getInstance().getCurrentResponse(): null

2021-12-14 15:36:33 - [TEST_STEP][PASSED] - assert response.getStatusCode() == 200: null

2021-12-14 15:36:33 - [TEST_STEP][PASSED] - verifyElementPropertyValue(response, "age", 25): Verify element property value successfully

2021-12-14 15:36:33 - [MESSAGE][PASSED] - Verify element property value successfully

2021-12-14 15:36:33 - [TEST_STEP][PASSED] - verifyElementPropertyValue(response, "username", "mimi"): Verify element property value successfully

2021-12-14 15:36:33 - [MESSAGE][PASSED] - Verify element property value successfully

2021-12-14 15:36:33 - [TEST_STEP][PASSED] - verifyElementPropertyValue(response, "password", "123456789"): Verify element property value successfully

2021-12-14 15:36:33 - [MESSAGE][PASSED] - Verify element property value successfully

2021-12-14 15:36:33 - [TEST_STEP][PASSED] - verifyElementPropertyValue(response, "gender", "MALE"): Verify element property value successfully

2021-12-14 15:36:33 - [MESSAGE][PASSED] - Verify element property value successfully

2021-12-14 15:36:33 - [MESSAGE][PASSED] - Verify response successfully

2021-12-14 15:36:33 - [MESSAGE][PASSED] - Send request and verify the response successfully

2021-12-14 15:36:33 - [MESSAGE][PASSED] - sample.Common.createNewUser is PASSED

2021-12-14 15:36:33 - [TEST_STEP][PASSED] - sample.Common.findUserById(id, age, username, password, gender, 200): sample.Common.findUserById is PASSED

2021-12-14 15:36:34 - [MESSAGE][INFO] - HAR: /Users/ly.doan/web-service-test/Reports/20211214_153527/Folder B/web-service-tests - All Test Cases/20211214_153538/requests/main/2.har

2021-12-14 15:36:34 - [TEST_CASE][PASSED] - Start Test Case : Verification: Verification accomplished successfully

2021-12-14 15:36:34 - [TEST_STEP][PASSED] - request = getInstance().getCurrentRequest(): null

2021-12-14 15:36:34 - [TEST_STEP][PASSED] - response = getInstance().getCurrentResponse(): null

2021-12-14 15:36:34 - [TEST_STEP][PASSED] - assert response.getStatusCode() == 200: null

2021-12-14 15:36:34 - [TEST_STEP][PASSED] - verifyElementPropertyValue(response, "age", 25): Verify element property value successfully

2021-12-14 15:36:34 - [MESSAGE][PASSED] - Verify element property value successfully

2021-12-14 15:36:34 - [TEST_STEP][PASSED] - verifyElementPropertyValue(response, "username", "mimi"): Verify element property value successfully

2021-12-14 15:36:34 - [MESSAGE][PASSED] - Verify element property value successfully

2021-12-14 15:36:34 - [TEST_STEP][PASSED] - verifyElementPropertyValue(response, "password", "123456789"): Verify element property value successfully

2021-12-14 15:36:34 - [MESSAGE][PASSED] - Verify element property value successfully

2021-12-14 15:36:34 - [TEST_STEP][PASSED] - verifyElementPropertyValue(response, "gender", "MALE"): Verify element property value successfully

2021-12-14 15:36:34 - [MESSAGE][PASSED] - Verify element property value successfully

2021-12-14 15:36:34 - [MESSAGE][PASSED] - Verify response successfully

2021-12-14 15:36:34 - [MESSAGE][PASSED] - Send request and verify the response successfully

2021-12-14 15:36:34 - [MESSAGE][PASSED] - sample.Common.findUserById is PASSED]]></system-out>
         <system-err><![CDATA[]]></system-err>
      </testcase>
      <system-out><![CDATA[2021-12-14 15:36:26 - [TEST_SUITE][PASSED] - web-service-tests - All Test Cases: Test Cases/Find user by ID]]></system-out>
      <system-err><![CDATA[]]></system-err>
   </testsuite>
   <testsuite name="New Test Suite" tests="1" failures="0" errors="0" time="5.24" skipped="0" timestamp="2021-12-14 15:36:46" hostname="ly.doan - 192.168.1.2" id="Test Suites/Folder A/Folder A1/New Test Suite">
      <properties>
         <property name="deviceName" value=""/>
         <property name="devicePlatform" value=""/>
         <property name="logFolder" value="/Users/ly.doan/web-service-test/Reports/20211214_153527/Folder A/Folder A1/New Test Suite/20211214_153558"/>
         <property name="logFiles" value="/Users/ly.doan/web-service-test/Reports/20211214_153527/Folder A/Folder A1/New Test Suite/20211214_153558/execution0.log"/>
         <property name="attachments" value=""/>
         <property name="hostName" value="ly.doan - 192.168.1.2"/>
         <property name="hostAddress" value="192.168.1.2"/>
         <property name="os" value="Mac OS X 64bit"/>
         <property name="katalonVersion" value="8.1.0.208"/>
      </properties>
      <testcase name="Test Cases/Find user by ID" time="4.691" classname="Test Cases/Find user by ID" status="PASSED">
         <system-out><![CDATA[2021-12-14 15:36:46 - [TEST_CASE][PASSED] - Test Cases/Find user by ID: Test Cases/Find user by ID

2021-12-14 15:36:46 - [TEST_STEP][PASSED] - id = sample.Common.createNewUser(age, username, password, gender, 200): sample.Common.createNewUser is PASSED

2021-12-14 15:36:49 - [MESSAGE][INFO] - HAR: /Users/ly.doan/web-service-test/Reports/20211214_153527/Folder A/Folder A1/New Test Suite/20211214_153558/requests/main/0.har

2021-12-14 15:36:49 - [TEST_CASE][PASSED] - Start Test Case : Verification: Verification accomplished successfully

2021-12-14 15:36:49 - [TEST_STEP][PASSED] - request = getInstance().getCurrentRequest(): null

2021-12-14 15:36:49 - [TEST_STEP][PASSED] - response = getInstance().getCurrentResponse(): null

2021-12-14 15:36:49 - [TEST_STEP][PASSED] - assert response.getStatusCode() == 200: null

2021-12-14 15:36:49 - [TEST_STEP][PASSED] - verifyElementPropertyValue(response, "age", 25): Verify element property value successfully

2021-12-14 15:36:49 - [MESSAGE][PASSED] - Verify element property value successfully

2021-12-14 15:36:49 - [TEST_STEP][PASSED] - verifyElementPropertyValue(response, "username", "mimi"): Verify element property value successfully

2021-12-14 15:36:49 - [MESSAGE][PASSED] - Verify element property value successfully

2021-12-14 15:36:49 - [TEST_STEP][PASSED] - verifyElementPropertyValue(response, "password", "123456789"): Verify element property value successfully

2021-12-14 15:36:49 - [MESSAGE][PASSED] - Verify element property value successfully

2021-12-14 15:36:49 - [TEST_STEP][PASSED] - verifyElementPropertyValue(response, "gender", "MALE"): Verify element property value successfully

2021-12-14 15:36:49 - [MESSAGE][PASSED] - Verify element property value successfully

2021-12-14 15:36:49 - [MESSAGE][PASSED] - Verify response successfully

2021-12-14 15:36:49 - [MESSAGE][PASSED] - Send request and verify the response successfully

2021-12-14 15:36:49 - [MESSAGE][PASSED] - sample.Common.createNewUser is PASSED

2021-12-14 15:36:49 - [TEST_STEP][PASSED] - sample.Common.findUserById(id, age, username, password, gender, 200): sample.Common.findUserById is PASSED

2021-12-14 15:36:50 - [MESSAGE][INFO] - HAR: /Users/ly.doan/web-service-test/Reports/20211214_153527/Folder A/Folder A1/New Test Suite/20211214_153558/requests/main/1.har

2021-12-14 15:36:50 - [TEST_CASE][PASSED] - Start Test Case : Verification: Verification accomplished successfully

2021-12-14 15:36:50 - [TEST_STEP][PASSED] - request = getInstance().getCurrentRequest(): null

2021-12-14 15:36:50 - [TEST_STEP][PASSED] - response = getInstance().getCurrentResponse(): null

2021-12-14 15:36:50 - [TEST_STEP][PASSED] - assert response.getStatusCode() == 200: null

2021-12-14 15:36:50 - [TEST_STEP][PASSED] - verifyElementPropertyValue(response, "age", 25): Verify element property value successfully

2021-12-14 15:36:50 - [MESSAGE][PASSED] - Verify element property value successfully

2021-12-14 15:36:50 - [TEST_STEP][PASSED] - verifyElementPropertyValue(response, "username", "mimi"): Verify element property value successfully

2021-12-14 15:36:51 - [MESSAGE][PASSED] - Verify element property value successfully

2021-12-14 15:36:51 - [TEST_STEP][PASSED] - verifyElementPropertyValue(response, "password", "123456789"): Verify element property value successfully

2021-12-14 15:36:51 - [MESSAGE][PASSED] - Verify element property value successfully

2021-12-14 15:36:51 - [TEST_STEP][PASSED] - verifyElementPropertyValue(response, "gender", "MALE"): Verify element property value successfully

2021-12-14 15:36:51 - [MESSAGE][PASSED] - Verify element property value successfully

2021-12-14 15:36:51 - [MESSAGE][PASSED] - Verify response successfully

2021-12-14 15:36:51 - [MESSAGE][PASSED] - Send request and verify the response successfully

2021-12-14 15:36:51 - [MESSAGE][PASSED] - sample.Common.findUserById is PASSED]]></system-out>
         <system-err><![CDATA[]]></system-err>
      </testcase>
      <system-out><![CDATA[2021-12-14 15:36:46 - [TEST_SUITE][PASSED] - New Test Suite: Test Cases/Find user by ID]]></system-out>
      <system-err><![CDATA[]]></system-err>
   </testsuite>
</testsuites>
