<?xml version="1.0" encoding="UTF-8"?>
<testsuites name="web service test suite collection" time="67.191" tests="3" failures="0" errors="0">
   <testsuite name="web-service-tests - All Test Cases" tests="2" failures="0" errors="0" time="35.662" skipped="0" timestamp="2021-12-16 15:56:04" hostname="ly.doan - 192.168.1.4" id="Test Suites/Folder B/web-service-tests - All Test Cases">
      <properties>
         <property name="deviceName" value=""/>
         <property name="devicePlatform" value=""/>
         <property name="logFolder" value="/Users/ly.doan/web-service-test/Reports/20211216_155449/Folder B/web-service-tests - All Test Cases/20211216_155501"/>
         <property name="logFiles" value="/Users/ly.doan/web-service-test/Reports/20211216_155449/Folder B/web-service-tests - All Test Cases/20211216_155501/execution0.log"/>
         <property name="attachments" value=""/>
         <property name="hostName" value="ly.doan - 192.168.1.4"/>
         <property name="hostAddress" value="192.168.1.4"/>
         <property name="os" value="Mac OS X 64bit"/>
         <property name="katalonVersion" value="8.1.0.208"/>
      </properties>
      <testcase name="Test Cases/Create a new user" time="30.96" classname="Test Cases/Create a new user" status="PASSED">
         <system-out><![CDATA[2021-12-16 15:56:05 - [TEST_CASE][PASSED] - Test Cases/Create a new user: Test Cases/Create a new user

2021-12-16 15:56:05 - [TEST_STEP][PASSED] - sample.Common.createNewUser(age, username, password, gender, 200): sample.Common.createNewUser is PASSED

2021-12-16 15:56:35 - [MESSAGE][INFO] - HAR: /Users/ly.doan/web-service-test/Reports/20211216_155449/Folder B/web-service-tests - All Test Cases/20211216_155501/requests/main/0.har

2021-12-16 15:56:35 - [TEST_CASE][PASSED] - Start Test Case : Verification: Verification accomplished successfully

2021-12-16 15:56:35 - [TEST_STEP][PASSED] - request = getInstance().getCurrentRequest(): null

2021-12-16 15:56:35 - [TEST_STEP][PASSED] - response = getInstance().getCurrentResponse(): null

2021-12-16 15:56:35 - [TEST_STEP][PASSED] - assert response.getStatusCode() == 200: null

2021-12-16 15:56:35 - [TEST_STEP][PASSED] - verifyElementPropertyValue(response, "age", 25): Verify element property value successfully

2021-12-16 15:56:35 - [MESSAGE][PASSED] - Verify element property value successfully

2021-12-16 15:56:35 - [TEST_STEP][PASSED] - verifyElementPropertyValue(response, "username", "mimi"): Verify element property value successfully

2021-12-16 15:56:36 - [MESSAGE][PASSED] - Verify element property value successfully

2021-12-16 15:56:36 - [TEST_STEP][PASSED] - verifyElementPropertyValue(response, "password", "123456789"): Verify element property value successfully

2021-12-16 15:56:36 - [MESSAGE][PASSED] - Verify element property value successfully

2021-12-16 15:56:36 - [TEST_STEP][PASSED] - verifyElementPropertyValue(response, "gender", "MALE"): Verify element property value successfully

2021-12-16 15:56:36 - [MESSAGE][PASSED] - Verify element property value successfully

2021-12-16 15:56:36 - [MESSAGE][PASSED] - Verify response successfully

2021-12-16 15:56:36 - [MESSAGE][PASSED] - Send request and verify the response successfully

2021-12-16 15:56:36 - [MESSAGE][PASSED] - sample.Common.createNewUser is PASSED]]></system-out>
         <system-err><![CDATA[]]></system-err>
      </testcase>
      <testcase name="Test Cases/Find user by ID" time="3.94" classname="Test Cases/Find user by ID" status="PASSED">
         <system-out><![CDATA[2021-12-16 15:56:36 - [TEST_CASE][PASSED] - Test Cases/Find user by ID: Test Cases/Find user by ID

2021-12-16 15:56:36 - [TEST_STEP][PASSED] - id = sample.Common.createNewUser(age, username, password, gender, 200): sample.Common.createNewUser is PASSED

2021-12-16 15:56:38 - [MESSAGE][INFO] - HAR: /Users/ly.doan/web-service-test/Reports/20211216_155449/Folder B/web-service-tests - All Test Cases/20211216_155501/requests/main/1.har

2021-12-16 15:56:38 - [TEST_CASE][PASSED] - Start Test Case : Verification: Verification accomplished successfully

2021-12-16 15:56:38 - [TEST_STEP][PASSED] - request = getInstance().getCurrentRequest(): null

2021-12-16 15:56:38 - [TEST_STEP][PASSED] - response = getInstance().getCurrentResponse(): null

2021-12-16 15:56:38 - [TEST_STEP][PASSED] - assert response.getStatusCode() == 200: null

2021-12-16 15:56:38 - [TEST_STEP][PASSED] - verifyElementPropertyValue(response, "age", 25): Verify element property value successfully

2021-12-16 15:56:38 - [MESSAGE][PASSED] - Verify element property value successfully

2021-12-16 15:56:38 - [TEST_STEP][PASSED] - verifyElementPropertyValue(response, "username", "mimi"): Verify element property value successfully

2021-12-16 15:56:38 - [MESSAGE][PASSED] - Verify element property value successfully

2021-12-16 15:56:38 - [TEST_STEP][PASSED] - verifyElementPropertyValue(response, "password", "123456789"): Verify element property value successfully

2021-12-16 15:56:38 - [MESSAGE][PASSED] - Verify element property value successfully

2021-12-16 15:56:38 - [TEST_STEP][PASSED] - verifyElementPropertyValue(response, "gender", "MALE"): Verify element property value successfully

2021-12-16 15:56:38 - [MESSAGE][PASSED] - Verify element property value successfully

2021-12-16 15:56:38 - [MESSAGE][PASSED] - Verify response successfully

2021-12-16 15:56:38 - [MESSAGE][PASSED] - Send request and verify the response successfully

2021-12-16 15:56:38 - [MESSAGE][PASSED] - sample.Common.createNewUser is PASSED

2021-12-16 15:56:38 - [TEST_STEP][PASSED] - sample.Common.findUserById(id, age, username, password, gender, 200): sample.Common.findUserById is PASSED

2021-12-16 15:56:39 - [MESSAGE][INFO] - HAR: /Users/ly.doan/web-service-test/Reports/20211216_155449/Folder B/web-service-tests - All Test Cases/20211216_155501/requests/main/2.har

2021-12-16 15:56:39 - [TEST_CASE][PASSED] - Start Test Case : Verification: Verification accomplished successfully

2021-12-16 15:56:39 - [TEST_STEP][PASSED] - request = getInstance().getCurrentRequest(): null

2021-12-16 15:56:39 - [TEST_STEP][PASSED] - response = getInstance().getCurrentResponse(): null

2021-12-16 15:56:39 - [TEST_STEP][PASSED] - assert response.getStatusCode() == 200: null

2021-12-16 15:56:39 - [TEST_STEP][PASSED] - verifyElementPropertyValue(response, "age", 25): Verify element property value successfully

2021-12-16 15:56:39 - [MESSAGE][PASSED] - Verify element property value successfully

2021-12-16 15:56:39 - [TEST_STEP][PASSED] - verifyElementPropertyValue(response, "username", "mimi"): Verify element property value successfully

2021-12-16 15:56:39 - [MESSAGE][PASSED] - Verify element property value successfully

2021-12-16 15:56:39 - [TEST_STEP][PASSED] - verifyElementPropertyValue(response, "password", "123456789"): Verify element property value successfully

2021-12-16 15:56:40 - [MESSAGE][PASSED] - Verify element property value successfully

2021-12-16 15:56:40 - [TEST_STEP][PASSED] - verifyElementPropertyValue(response, "gender", "MALE"): Verify element property value successfully

2021-12-16 15:56:40 - [MESSAGE][PASSED] - Verify element property value successfully

2021-12-16 15:56:40 - [MESSAGE][PASSED] - Verify response successfully

2021-12-16 15:56:40 - [MESSAGE][PASSED] - Send request and verify the response successfully

2021-12-16 15:56:40 - [MESSAGE][PASSED] - sample.Common.findUserById is PASSED]]></system-out>
         <system-err><![CDATA[]]></system-err>
      </testcase>
      <system-out><![CDATA[2021-12-16 15:56:04 - [TEST_SUITE][PASSED] - web-service-tests - All Test Cases: Test Cases/Find user by ID]]></system-out>
      <system-err><![CDATA[]]></system-err>
   </testsuite>
   <testsuite name="New Test Suite" tests="1" failures="0" errors="0" time="6.073" skipped="0" timestamp="2021-12-16 15:56:55" hostname="ly.doan - 192.168.1.4" id="Test Suites/Folder A/Folder A1/New Test Suite">
      <properties>
         <property name="deviceName" value=""/>
         <property name="devicePlatform" value=""/>
         <property name="logFolder" value="/Users/ly.doan/web-service-test/Reports/20211216_155449/Folder A/Folder A1/New Test Suite/20211216_155531"/>
         <property name="logFiles" value="/Users/ly.doan/web-service-test/Reports/20211216_155449/Folder A/Folder A1/New Test Suite/20211216_155531/execution0.log"/>
         <property name="attachments" value=""/>
         <property name="hostName" value="ly.doan - 192.168.1.4"/>
         <property name="hostAddress" value="192.168.1.4"/>
         <property name="os" value="Mac OS X 64bit"/>
         <property name="katalonVersion" value="8.1.0.208"/>
      </properties>
      <testcase name="Test Cases/Find user by ID" time="5.334" classname="Test Cases/Find user by ID" status="PASSED">
         <system-out><![CDATA[2021-12-16 15:56:56 - [TEST_CASE][PASSED] - Test Cases/Find user by ID: Test Cases/Find user by ID

2021-12-16 15:56:57 - [TEST_STEP][PASSED] - id = sample.Common.createNewUser(age, username, password, gender, 200): sample.Common.createNewUser is PASSED

2021-12-16 15:56:59 - [MESSAGE][INFO] - HAR: /Users/ly.doan/web-service-test/Reports/20211216_155449/Folder A/Folder A1/New Test Suite/20211216_155531/requests/main/0.har

2021-12-16 15:56:59 - [TEST_CASE][PASSED] - Start Test Case : Verification: Verification accomplished successfully

2021-12-16 15:56:59 - [TEST_STEP][PASSED] - request = getInstance().getCurrentRequest(): null

2021-12-16 15:56:59 - [TEST_STEP][PASSED] - response = getInstance().getCurrentResponse(): null

2021-12-16 15:56:59 - [TEST_STEP][PASSED] - assert response.getStatusCode() == 200: null

2021-12-16 15:56:59 - [TEST_STEP][PASSED] - verifyElementPropertyValue(response, "age", 25): Verify element property value successfully

2021-12-16 15:56:59 - [MESSAGE][PASSED] - Verify element property value successfully

2021-12-16 15:56:59 - [TEST_STEP][PASSED] - verifyElementPropertyValue(response, "username", "mimi"): Verify element property value successfully

2021-12-16 15:57:00 - [MESSAGE][PASSED] - Verify element property value successfully

2021-12-16 15:57:00 - [TEST_STEP][PASSED] - verifyElementPropertyValue(response, "password", "123456789"): Verify element property value successfully

2021-12-16 15:57:00 - [MESSAGE][PASSED] - Verify element property value successfully

2021-12-16 15:57:00 - [TEST_STEP][PASSED] - verifyElementPropertyValue(response, "gender", "MALE"): Verify element property value successfully

2021-12-16 15:57:00 - [MESSAGE][PASSED] - Verify element property value successfully

2021-12-16 15:57:00 - [MESSAGE][PASSED] - Verify response successfully

2021-12-16 15:57:00 - [MESSAGE][PASSED] - Send request and verify the response successfully

2021-12-16 15:57:00 - [MESSAGE][PASSED] - sample.Common.createNewUser is PASSED

2021-12-16 15:57:00 - [TEST_STEP][PASSED] - sample.Common.findUserById(id, age, username, password, gender, 200): sample.Common.findUserById is PASSED

2021-12-16 15:57:01 - [MESSAGE][INFO] - HAR: /Users/ly.doan/web-service-test/Reports/20211216_155449/Folder A/Folder A1/New Test Suite/20211216_155531/requests/main/1.har

2021-12-16 15:57:01 - [TEST_CASE][PASSED] - Start Test Case : Verification: Verification accomplished successfully

2021-12-16 15:57:01 - [TEST_STEP][PASSED] - request = getInstance().getCurrentRequest(): null

2021-12-16 15:57:01 - [TEST_STEP][PASSED] - response = getInstance().getCurrentResponse(): null

2021-12-16 15:57:01 - [TEST_STEP][PASSED] - assert response.getStatusCode() == 200: null

2021-12-16 15:57:01 - [TEST_STEP][PASSED] - verifyElementPropertyValue(response, "age", 25): Verify element property value successfully

2021-12-16 15:57:01 - [MESSAGE][PASSED] - Verify element property value successfully

2021-12-16 15:57:01 - [TEST_STEP][PASSED] - verifyElementPropertyValue(response, "username", "mimi"): Verify element property value successfully

2021-12-16 15:57:01 - [MESSAGE][PASSED] - Verify element property value successfully

2021-12-16 15:57:01 - [TEST_STEP][PASSED] - verifyElementPropertyValue(response, "password", "123456789"): Verify element property value successfully

2021-12-16 15:57:01 - [MESSAGE][PASSED] - Verify element property value successfully

2021-12-16 15:57:01 - [TEST_STEP][PASSED] - verifyElementPropertyValue(response, "gender", "MALE"): Verify element property value successfully

2021-12-16 15:57:01 - [MESSAGE][PASSED] - Verify element property value successfully

2021-12-16 15:57:01 - [MESSAGE][PASSED] - Verify response successfully

2021-12-16 15:57:01 - [MESSAGE][PASSED] - Send request and verify the response successfully

2021-12-16 15:57:01 - [MESSAGE][PASSED] - sample.Common.findUserById is PASSED]]></system-out>
         <system-err><![CDATA[]]></system-err>
      </testcase>
      <system-out><![CDATA[2021-12-16 15:56:55 - [TEST_SUITE][PASSED] - New Test Suite: Test Cases/Find user by ID]]></system-out>
      <system-err><![CDATA[]]></system-err>
   </testsuite>
</testsuites>
